<?xml version="1.0" encoding="UTF-8"?>
<!-- Generated by org.testng.reporters.JUnitXMLReporter -->
<testsuite ignored="0" hostname="Vikram" failures="0" tests="6" name="Test" time="0.294" errors="0" timestamp="2022-10-12T14:48:48 IST">
  <testcase classname="testclass.testClass2" name="@BeforeClass beforeClass" time="-1.665566328406E9">
    <failure type="org.testng.TestNGException" message="
Parameter &amp;apos;browser&amp;apos; is required by BeforeClass on method beforeClass but has not been marked @Optional or defined
in C:\Users\Vicky\eclipse-workspace\selenium1\testng.xml">
      <![CDATA[org.testng.TestNGException: 
Parameter 'browser' is required by BeforeClass on method beforeClass but has not been marked @Optional or defined
in C:\Users\Vicky\eclipse-workspace\selenium1\testng.xml
at java.base/java.util.ArrayList.forEach(ArrayList.java:1541)
... Removed 22 stack frames]]>
    </failure>
  </testcase> <!-- @BeforeClass beforeClass -->
  <testcase classname="testclass.testClass2" name="@BeforeMethod beforeMethod" time="-1.665566328458E9">
    <skipped/>
  </testcase> <!-- @BeforeMethod beforeMethod -->
  <testcase classname="testclass.testClass2" name="@AfterMethod afterMethod" time="-1.665566328484E9">
    <skipped/>
  </testcase> <!-- @AfterMethod afterMethod -->
  <testcase classname="testclass.testClass2" name="@BeforeMethod beforeMethod" time="-1.6655663285E9">
    <skipped/>
  </testcase> <!-- @BeforeMethod beforeMethod -->
  <testcase classname="testclass.testClass2" name="@AfterMethod afterMethod" time="-1.665566328517E9">
    <skipped/>
  </testcase> <!-- @AfterMethod afterMethod -->
  <testcase classname="testclass.testClass2" name="@AfterClass afterClass" time="-1.665566328526E9">
    <skipped/>
  </testcase> <!-- @AfterClass afterClass -->
  <testcase classname="testclass.testClass3" name="@BeforeClass beforeClass" time="-1.665566328532E9">
    <failure type="org.testng.TestNGException" message="
Parameter &amp;apos;browser&amp;apos; is required by BeforeClass on method beforeClass but has not been marked @Optional or defined
in C:\Users\Vicky\eclipse-workspace\selenium1\testng.xml">
      <![CDATA[org.testng.TestNGException: 
Parameter 'browser' is required by BeforeClass on method beforeClass but has not been marked @Optional or defined
in C:\Users\Vicky\eclipse-workspace\selenium1\testng.xml
at java.base/java.util.ArrayList.forEach(ArrayList.java:1541)
... Removed 22 stack frames]]>
    </failure>
  </testcase> <!-- @BeforeClass beforeClass -->
  <testcase classname="testclass.testClass3" name="@BeforeMethod beforeMethod" time="-1.665566328544E9">
    <skipped/>
  </testcase> <!-- @BeforeMethod beforeMethod -->
  <testcase classname="testclass.testClass3" name="@AfterMethod afterMethod" time="-1.665566328557E9">
    <skipped/>
  </testcase> <!-- @AfterMethod afterMethod -->
  <testcase classname="testclass.testClass3" name="@BeforeMethod beforeMethod" time="-1.665566328573E9">
    <skipped/>
  </testcase> <!-- @BeforeMethod beforeMethod -->
  <testcase classname="testclass.testClass3" name="@AfterMethod afterMethod" time="-1.665566328588E9">
    <skipped/>
  </testcase> <!-- @AfterMethod afterMethod -->
  <testcase classname="testclass.testClass3" name="@BeforeMethod beforeMethod" time="-1.665566328593E9">
    <skipped/>
  </testcase> <!-- @BeforeMethod beforeMethod -->
  <testcase classname="testclass.testClass3" name="@AfterMethod afterMethod" time="-1.665566328602E9">
    <skipped/>
  </testcase> <!-- @AfterMethod afterMethod -->
  <testcase classname="testclass.testClass3" name="@AfterClass afterClass" time="-1.665566328605E9">
    <skipped/>
  </testcase> <!-- @AfterClass afterClass -->
  <testcase classname="testclass.testClass1" name="@BeforeClass beforeClass" time="-1.665566328608E9">
    <failure type="org.testng.TestNGException" message="
Parameter &amp;apos;browser&amp;apos; is required by BeforeClass on method beforeClass but has not been marked @Optional or defined
in C:\Users\Vicky\eclipse-workspace\selenium1\testng.xml">
      <![CDATA[org.testng.TestNGException: 
Parameter 'browser' is required by BeforeClass on method beforeClass but has not been marked @Optional or defined
in C:\Users\Vicky\eclipse-workspace\selenium1\testng.xml
at java.base/java.util.ArrayList.forEach(ArrayList.java:1541)
... Removed 22 stack frames]]>
    </failure>
  </testcase> <!-- @BeforeClass beforeClass -->
  <testcase classname="testclass.testClass1" name="@BeforeMethod beforeMethod" time="-1.665566328613E9">
    <skipped/>
  </testcase> <!-- @BeforeMethod beforeMethod -->
  <testcase classname="testclass.testClass1" name="@AfterMethod afterMethod" time="-1.665566328638E9">
    <skipped/>
  </testcase> <!-- @AfterMethod afterMethod -->
  <testcase classname="testclass.testClass1" name="@AfterClass afterClass" time="-1.665566328643E9">
    <skipped/>
  </testcase> <!-- @AfterClass afterClass -->
  <testcase classname="testclass.testClass2" name="VerifyUserCanSearchProduct" time="0.0">
    <skipped/>
  </testcase> <!-- VerifyUserCanSearchProduct -->
  <testcase classname="testclass.testClass2" name="VerifyUserCanGetLowestPriceProductFromEachPage" time="0.0">
    <skipped/>
  </testcase> <!-- VerifyUserCanGetLowestPriceProductFromEachPage -->
  <testcase classname="testclass.testClass3" name="verifyUserCanOpenProfilePage" time="0.0">
    <skipped/>
  </testcase> <!-- verifyUserCanOpenProfilePage -->
  <testcase classname="testclass.testClass3" name="addNewAddress" time="0.0">
    <skipped/>
  </testcase> <!-- addNewAddress -->
  <testcase classname="testclass.testClass3" name="addNewAddress" time="0.0">
    <skipped/>
  </testcase> <!-- addNewAddress -->
  <testcase classname="testclass.testClass1" name="test1" time="0.0">
    <skipped/>
  </testcase> <!-- test1 -->
</testsuite> <!-- Test -->
